<?xml version="1.0" encoding="UTF-8"?>
<testsuite xmlns:xsi="http://www.w3.org/2001/XMLSchema-instance" xsi:noNamespaceSchemaLocation="https://maven.apache.org/surefire/maven-surefire-plugin/xsd/surefire-test-report.xsd" version="3.0.2" name="nttdata.bootcamp.yanki_service.Rules.P2pPaymentRulesTest" time="0.113" tests="2" errors="0" skipped="0" failures="0">
  <properties>
[...]
</properties>
  <testcase name="validatePaymentRequest_rejectsNonPositiveAmount" classname="nttdata.bootcamp.yanki_service.Rules.P2pPaymentRulesTest" time="0.099"/>
  <testcase name="validatePaymentRequest_rejectsSameSenderAndReceiver" classname="nttdata.bootcamp.yanki_service.Rules.P2pPaymentRulesTest" time="0.004"/>
</testsuite>